[2017-09-04 16:26:43.314] [INFO] compilador - Iniciando análise léxica arquivo: G:\Gerador-Electron-master\index.html
[2017-09-04 16:26:43.394] [INFO] compilador - Analisando...
[2017-09-04 16:26:43.394] [INFO] compilador - Letra j encontrada: true
[2017-09-04 16:26:43.394] [INFO] compilador - Finalizando análise em 80 ms
[2017-09-04 16:28:43.802] [INFO] compilador - Iniciando apligação 04/09/2017 16:28:43
[2017-09-04 16:28:51.194] [INFO] compilador - Iniciando análise léxica arquivo: G:\Gerador-Electron-master\index.html
[2017-09-04 16:30:21.282] [INFO] compilador - Iniciando apligação 04/09/2017 16:30:20
[2017-09-04 16:30:22.672] [INFO] compilador - Iniciando análise léxica arquivo: Desconhecido
[2017-09-04 16:30:22.682] [INFO] compilador - Analisando...
[2017-09-04 16:30:22.682] [INFO] compilador - Finalizando análise em 10 ms
[2017-09-04 16:30:27.210] [INFO] compilador - Iniciando análise léxica arquivo: G:\Gerador-Electron-master\index.html
[2017-09-04 16:38:22.066] [INFO] compilador - Iniciando apligação 04/09/2017 16:38:22
[2017-09-04 16:38:27.563] [INFO] compilador - Iniciando análise léxica arquivo: G:\Gerador-Electron-master\index.html
[2017-09-04 16:38:27.581] [INFO] compilador - Analisando...
[2017-09-04 16:38:50.622] [INFO] compilador - Iniciando apligação 04/09/2017 16:38:50
[2017-09-04 16:38:55.227] [INFO] compilador - Iniciando análise léxica arquivo: G:\Gerador-Electron-master\index.html
[2017-09-04 16:38:55.237] [INFO] compilador - Analisando...
[2017-09-04 16:40:29.001] [INFO] compilador - Iniciando análise léxica arquivo: G:\Gerador-Electron-master\main.js
[2017-09-04 16:40:29.007] [INFO] compilador - Analisando...
[2017-09-04 16:42:48.080] [INFO] compilador - Iniciando análise léxica arquivo: G:\Gerador-Electron-master\css\main.css
[2017-09-04 16:42:48.095] [INFO] compilador - Analisando...
[2017-09-04 16:43:31.585] [INFO] compilador - Iniciando apligação 04/09/2017 16:43:31
[2017-09-04 16:43:31.976] [INFO] compilador - Iniciando análise léxica arquivo: Desconhecido
[2017-09-04 16:43:31.982] [INFO] compilador - Analisando...
[2017-09-04 16:43:31.985] [INFO] compilador - Finalizando análise em 9 ms
[2017-09-04 16:43:37.228] [INFO] compilador - Iniciando apligação 04/09/2017 16:43:37
[2017-09-04 16:48:16.124] [INFO] compilador - Iniciando apligação 04/09/2017 16:48:16
[2017-09-04 16:48:25.164] [INFO] compilador - Iniciando análise léxica arquivo: G:\Gerador-Electron-master\css\main.css
[2017-09-04 16:48:25.188] [INFO] compilador - Analisando...
[2017-09-04 16:48:38.872] [INFO] compilador - Iniciando apligação 04/09/2017 16:48:38
[2017-09-04 16:48:50.476] [INFO] compilador - Iniciando análise léxica arquivo: G:\Gerador-Electron-master\css\main.css
[2017-09-04 16:48:50.486] [INFO] compilador - Analisando...
[2017-09-04 16:48:50.487] [INFO] compilador - Finalizando análise em 11 ms
[2017-09-04 16:49:24.504] [INFO] compilador - Iniciando apligação 04/09/2017 16:49:24
[2017-09-04 16:49:27.684] [INFO] compilador - Iniciando análise léxica arquivo: G:\Gerador-Electron-master\css\main.css
[2017-09-04 16:49:27.691] [INFO] compilador - Analisando...
[2017-09-04 16:49:27.714] [INFO] compilador - Finalizando análise em 29 ms
[2017-09-04 16:50:04.697] [INFO] compilador - Iniciando apligação 04/09/2017 16:50:04
[2017-09-04 16:50:08.427] [INFO] compilador - Iniciando análise léxica arquivo: G:\Gerador-Electron-master\css\main.css
[2017-09-04 16:50:08.457] [INFO] compilador - Analisando...
[2017-09-04 16:50:08.460] [INFO] compilador - Finalizando análise em 34 ms
[2017-09-04 16:50:44.474] [INFO] compilador - Iniciando apligação 04/09/2017 16:50:39
[2017-09-04 16:50:45.183] [INFO] compilador - Iniciando apligação 04/09/2017 16:50:45
[2017-09-04 16:50:50.755] [INFO] compilador - Iniciando análise léxica arquivo: G:\Gerador-Electron-master\css\main.css
[2017-09-04 16:50:50.760] [INFO] compilador - Analisando...
[2017-09-04 16:50:50.765] [INFO] compilador - Finalizando análise em 10 ms
[2017-09-04 16:51:20.395] [INFO] compilador - Iniciando apligação 04/09/2017 16:51:20
[2017-09-04 16:51:22.850] [INFO] compilador - Iniciando análise léxica arquivo: G:\Gerador-Electron-master\css\main.css
[2017-09-04 16:51:22.856] [INFO] compilador - Analisando...
[2017-09-04 16:51:22.862] [INFO] compilador - Finalizando análise em 13 ms
[2017-09-04 16:52:20.167] [INFO] compilador - Iniciando apligação 04/09/2017 16:52:20
[2017-09-04 16:52:22.905] [INFO] compilador - Iniciando análise léxica arquivo: G:\Gerador-Electron-master\css\main.css
[2017-09-04 16:52:22.911] [INFO] compilador - Analisando...
[2017-09-04 16:52:22.914] [INFO] compilador - Finalizando análise em 9 ms
[2017-09-04 16:52:54.197] [INFO] compilador - Iniciando apligação 04/09/2017 16:52:54
[2017-09-04 16:52:58.505] [INFO] compilador - Iniciando análise léxica arquivo: G:\Gerador-Electron-master\css\materialize.min.css
[2017-09-04 16:52:58.519] [INFO] compilador - Analisando...
[2017-09-04 16:52:58.522] [INFO] compilador - Finalizando análise em 17 ms
[2017-09-04 16:53:39.413] [INFO] compilador - Iniciando apligação 04/09/2017 16:53:39
[2017-09-04 16:54:00.377] [INFO] compilador - Iniciando análise léxica arquivo: G:\Gerador-Electron-master\css\main.css
[2017-09-04 16:54:00.384] [INFO] compilador - Analisando...
[2017-09-04 16:54:00.387] [INFO] compilador - Finalizando análise em 11 ms
[2017-09-04 16:54:21.920] [INFO] compilador - Iniciando apligação 04/09/2017 16:54:21
[2017-09-04 16:54:26.400] [INFO] compilador - Iniciando análise léxica arquivo: G:\Gerador-Electron-master\css\main.css
[2017-09-04 16:54:26.406] [INFO] compilador - Analisando...
[2017-09-04 16:54:26.410] [INFO] compilador - Finalizando análise em 10 ms
[2017-09-04 16:55:04.375] [INFO] compilador - Iniciando apligação 04/09/2017 16:55:04
[2017-09-04 16:55:09.143] [INFO] compilador - Iniciando análise léxica arquivo: G:\Gerador-Electron-master\css\main.css
[2017-09-04 16:55:09.149] [INFO] compilador - Analisando...
[2017-09-04 16:55:09.154] [INFO] compilador - Finalizando análise em 12 ms
[2017-09-04 16:55:25.523] [INFO] compilador - Iniciando apligação 04/09/2017 16:55:25
[2017-09-04 16:55:27.855] [INFO] compilador - Iniciando análise léxica arquivo: G:\Gerador-Electron-master\css\main.css
[2017-09-04 16:55:27.863] [INFO] compilador - Analisando...
[2017-09-04 16:55:27.870] [INFO] compilador - Finalizando análise em 15 ms
[2017-09-04 16:56:15.848] [INFO] compilador - Iniciando apligação 04/09/2017 16:56:14
[2017-09-04 16:56:18.679] [INFO] compilador - Iniciando análise léxica arquivo: G:\Gerador-Electron-master\css\main.css
[2017-09-04 16:57:53.946] [INFO] compilador - Iniciando apligação 04/09/2017 16:57:53
[2017-09-04 16:57:59.174] [INFO] compilador - Iniciando análise léxica arquivo: G:\Gerador-Electron-master\teste.txt
[2017-09-04 16:57:59.181] [INFO] compilador - Analisando...
[2017-09-04 16:57:59.182] [INFO] compilador - Finalizando análise em 7 ms
[2017-09-04 16:58:25.964] [INFO] compilador - Iniciando apligação 04/09/2017 16:58:25
[2017-09-04 16:58:29.868] [INFO] compilador - Iniciando análise léxica arquivo: G:\Gerador-Electron-master\teste.txt
[2017-09-04 16:58:29.875] [INFO] compilador - Analisando...
[2017-09-04 16:58:29.881] [INFO] compilador - Finalizando análise em 12 ms
[2017-09-04 16:58:58.942] [INFO] compilador - Iniciando apligação 04/09/2017 16:58:58
[2017-09-04 16:59:05.660] [INFO] compilador - Iniciando análise léxica arquivo: G:\Gerador-Electron-master\teste.txt
[2017-09-04 16:59:05.666] [INFO] compilador - Analisando...
[2017-09-04 16:59:05.673] [INFO] compilador - Finalizando análise em 13 ms
[2017-09-04 16:59:41.455] [INFO] compilador - Iniciando apligação 04/09/2017 16:59:38
[2017-09-04 16:59:44.692] [INFO] compilador - Iniciando análise léxica arquivo: G:\Gerador-Electron-master\teste.txt
[2017-09-04 16:59:44.729] [INFO] compilador - Analisando...
[2017-09-04 16:59:44.736] [INFO] compilador - Finalizando análise em 44 ms
[2017-09-04 16:59:54.683] [INFO] compilador - Iniciando análise léxica arquivo: G:\Gerador-Electron-master\teste2.txt
[2017-09-04 16:59:54.688] [INFO] compilador - Analisando...
[2017-09-04 16:59:54.692] [INFO] compilador - Finalizando análise em 9 ms
[2017-09-04 17:00:03.916] [INFO] compilador - Iniciando análise léxica arquivo: G:\Gerador-Electron-master\package.json
